#
# There is insufficient memory for the Java Runtime Environment to continue.
# Native memory allocation (malloc) failed to allocate 65552 bytes for Chunk::new
# Possible reasons:
#   The system is out of physical RAM or swap space
#   The process is running with CompressedOops enabled, and the Java Heap may be blocking the growth of the native heap
# Possible solutions:
#   Reduce memory load on the system
#   Increase physical memory or swap space
#   Check if swap backing store is full
#   Decrease Java heap size (-Xmx/-Xms)
#   Decrease number of Java threads
#   Decrease Java thread stack sizes (-Xss)
#   Set larger code cache with -XX:ReservedCodeCacheSize=
#   JVM is running with Zero Based Compressed Oops mode in which the Java heap is
#     placed in the first 32GB address space. The Java Heap base address is the
#     maximum limit for the native heap growth. Please use -XX:HeapBaseMinAddress
#     to set the Java Heap base and to place the Java Heap above 32GB virtual address.
# This output file may be truncated or incomplete.
#
#  Out of Memory Error (allocation.cpp:390), pid=29960, tid=0x000000000000838c
#
# JRE version: Java(TM) SE Runtime Environment (8.0_201-b09) (build 1.8.0_201-b09)
# Java VM: Java HotSpot(TM) 64-Bit Server VM (25.201-b09 mixed mode windows-amd64 compressed oops)
# Failed to write core dump. Minidumps are not enabled by default on client versions of Windows
#

---------------  T H R E A D  ---------------

Current thread (0x000000001dfb6000):  JavaThread "C2 CompilerThread1" daemon [_thread_in_native, id=33676, stack(0x000000001e990000,0x000000001ea90000)]

Stack: [0x000000001e990000,0x000000001ea90000]
[error occurred during error reporting (printing stack bounds), id 0xc0000005]

Native frames: (J=compiled Java code, j=interpreted, Vv=VM code, C=native code)


Current CompileTask:
C2:  10851 3569   !   4       org.apache.maven.model.Model::clone (502 bytes)


---------------  P R O C E S S  ---------------

Java Threads: ( => current thread )
  0x0000000020437800 JavaThread "Thread-9" [_thread_in_native, id=12644, stack(0x0000000023fc0000,0x00000000240c0000)]
  0x0000000020aec800 JavaThread "Thread-8" [_thread_in_native, id=47180, stack(0x0000000023ec0000,0x0000000023fc0000)]
  0x000000001f4a8800 JavaThread "Thread-7" [_thread_blocked, id=11036, stack(0x0000000023dc0000,0x0000000023ec0000)]
  0x0000000020a05000 JavaThread "ThreadedStreamConsumer" daemon [_thread_blocked, id=12152, stack(0x0000000023bc0000,0x0000000023cc0000)]
  0x000000001f1fd800 JavaThread "ping-timer-10s" daemon [_thread_blocked, id=22216, stack(0x0000000023ac0000,0x0000000023bc0000)]
  0x0000000020854000 JavaThread "timeout-check-timer" daemon [_thread_blocked, id=34640, stack(0x00000000239c0000,0x0000000023ac0000)]
  0x00000000201b2800 JavaThread "resolver-5" daemon [_thread_blocked, id=48000, stack(0x00000000238c0000,0x00000000239c0000)]
  0x000000001f262000 JavaThread "resolver-4" daemon [_thread_blocked, id=24040, stack(0x00000000237c0000,0x00000000238c0000)]
  0x000000002032a800 JavaThread "resolver-3" daemon [_thread_blocked, id=10008, stack(0x00000000236c0000,0x00000000237c0000)]
  0x000000001ffe1000 JavaThread "resolver-2" daemon [_thread_blocked, id=32460, stack(0x00000000235c0000,0x00000000236c0000)]
  0x000000001fd77800 JavaThread "resolver-1" daemon [_thread_blocked, id=24336, stack(0x00000000224d0000,0x00000000225d0000)]
  0x000000001e009800 JavaThread "Service Thread" daemon [_thread_blocked, id=46020, stack(0x000000001ec90000,0x000000001ed90000)]
  0x000000001dfc5800 JavaThread "C1 CompilerThread3" daemon [_thread_blocked, id=53708, stack(0x000000001eb90000,0x000000001ec90000)]
  0x000000001dfc1800 JavaThread "C2 CompilerThread2" daemon [_thread_blocked, id=11376, stack(0x000000001ea90000,0x000000001eb90000)]
=>0x000000001dfb6000 JavaThread "C2 CompilerThread1" daemon [_thread_in_native, id=33676, stack(0x000000001e990000,0x000000001ea90000)]
  0x000000001dfb2000 JavaThread "C2 CompilerThread0" daemon [_thread_blocked, id=31948, stack(0x000000001e890000,0x000000001e990000)]
  0x000000001dfb0800 JavaThread "Attach Listener" daemon [_thread_blocked, id=6164, stack(0x000000001e790000,0x000000001e890000)]
  0x000000001dfaf000 JavaThread "Signal Dispatcher" daemon [_thread_blocked, id=37972, stack(0x000000001e690000,0x000000001e790000)]
  0x000000001dfa1000 JavaThread "Finalizer" daemon [_thread_blocked, id=13740, stack(0x000000001e480000,0x000000001e580000)]
  0x000000001c19d800 JavaThread "Reference Handler" daemon [_thread_blocked, id=24684, stack(0x000000001e380000,0x000000001e480000)]
  0x00000000024be800 JavaThread "main" [_thread_in_native, id=11020, stack(0x0000000002500000,0x0000000002600000)]

Other Threads:
  0x000000001c199800 VMThread [stack: 0x000000001de80000,0x000000001df80000] [id=25692]
  0x000000001e00b000 WatcherThread [stack: 0x000000001ed90000,0x000000001ee90000] [id=5752]

VM state:not at safepoint (normal execution)

VM Mutex/Monitor currently owned by a thread: None

heap address: 0x00000006c1800000, size: 4072 MB, Compressed Oops mode: Zero based, Oop shift amount: 3
Narrow klass base: 0x0000000000000000, Narrow klass shift: 3
Compressed class space size: 1073741824 Address: 0x00000007c0000000

Heap:
 PSYoungGen      total 76288K, used 39345K [0x000000076b300000, 0x0000000770800000, 0x00000007c0000000)
  eden space 65536K, 43% used [0x000000076b300000,0x000000076cef43e0,0x000000076f300000)
  from space 10752K, 99% used [0x000000076fd80000,0x00000007707f8020,0x0000000770800000)
  to   space 10752K, 0% used [0x000000076f300000,0x000000076f300000,0x000000076fd80000)
 ParOldGen       total 175104K, used 3495K [0x00000006c1800000, 0x00000006cc300000, 0x000000076b300000)
  object space 175104K, 1% used [0x00000006c1800000,0x00000006c1b69f90,0x00000006cc300000)
 Metaspace       used 19148K, capacity 19598K, committed 19712K, reserved 1067008K
  class space    used 2167K, capacity 2288K, committed 2304K, reserved 1048576K

Card table byte_map: [0x0000000011ad0000,0x00000000122d0000] byte_map_base: 0x000000000e4c4000

Marking Bits: (ParMarkBitMap*) 0x000000005d724ce0
 Begin Bits: [0x0000000013020000, 0x0000000016fc0000)
 End Bits:   [0x0000000016fc0000, 0x000000001af60000)

Polling page: 0x0000000002490000

CodeCache: size=245760Kb used=11191Kb max_used=12246Kb free=234568Kb
 bounds [0x0000000002710000, 0x0000000003330000, 0x0000000011710000]
 total_blobs=3526 nmethods=3120 adapters=318
 compilation: enabled

Compilation events (10 events):
Event: 10.535 Thread 0x000000001dfc5800 3614       3       java.lang.ProcessEnvironment$EntryComparator::compare (13 bytes)
Event: 10.535 Thread 0x000000001dfc5800 nmethod 3614 0x0000000002886290 code [0x0000000002886460, 0x0000000002886d08]
Event: 10.535 Thread 0x000000001dfc5800 3615       3       java.lang.ProcessEnvironment$EntryComparator::compare (25 bytes)
Event: 10.535 Thread 0x000000001dfb2000 nmethod 3610 0x0000000002d29110 code [0x0000000002d29260, 0x0000000002d29358]
Event: 10.535 Thread 0x000000001dfc1800 nmethod 3611 0x0000000002d28d50 code [0x0000000002d28ea0, 0x0000000002d28f68]
Event: 10.535 Thread 0x000000001dfc5800 nmethod 3615 0x0000000002a90ed0 code [0x0000000002a91080, 0x0000000002a91648]
Event: 10.535 Thread 0x000000001dfc5800 3616       3       java.lang.ProcessEnvironment::access$300 (4 bytes)
Event: 10.535 Thread 0x000000001dfc5800 nmethod 3616 0x0000000002b61b90 code [0x0000000002b61ce0, 0x0000000002b61e10]
Event: 10.535 Thread 0x000000001dfc5800 3613       3       java.lang.ProcessEnvironment$CheckedEntrySet$1::next (5 bytes)
Event: 10.535 Thread 0x000000001dfc5800 nmethod 3613 0x00000000030f1c10 code [0x00000000030f1da0, 0x00000000030f2268]

GC Heap History (8 events):
Event: 0.913 GC heap before
{Heap before GC invocations=1 (full 0):
 PSYoungGen      total 76288K, used 65536K [0x000000076b300000, 0x0000000770800000, 0x00000007c0000000)
  eden space 65536K, 100% used [0x000000076b300000,0x000000076f300000,0x000000076f300000)
  from space 10752K, 0% used [0x000000076fd80000,0x000000076fd80000,0x0000000770800000)
  to   space 10752K, 0% used [0x000000076f300000,0x000000076f300000,0x000000076fd80000)
 ParOldGen       total 175104K, used 0K [0x00000006c1800000, 0x00000006cc300000, 0x000000076b300000)
  object space 175104K, 0% used [0x00000006c1800000,0x00000006c1800000,0x00000006cc300000)
 Metaspace       used 11610K, capacity 11790K, committed 12032K, reserved 1060864K
  class space    used 1422K, capacity 1507K, committed 1536K, reserved 1048576K
Event: 0.919 GC heap after
Heap after GC invocations=1 (full 0):
 PSYoungGen      total 76288K, used 9592K [0x000000076b300000, 0x0000000770800000, 0x00000007c0000000)
  eden space 65536K, 0% used [0x000000076b300000,0x000000076b300000,0x000000076f300000)
  from space 10752K, 89% used [0x000000076f300000,0x000000076fc5e2e0,0x000000076fd80000)
  to   space 10752K, 0% used [0x000000076fd80000,0x000000076fd80000,0x0000000770800000)
 ParOldGen       total 175104K, used 16K [0x00000006c1800000, 0x00000006cc300000, 0x000000076b300000)
  object space 175104K, 0% used [0x00000006c1800000,0x00000006c1804000,0x00000006cc300000)
 Metaspace       used 11610K, capacity 11790K, committed 12032K, reserved 1060864K
  class space    used 1422K, capacity 1507K, committed 1536K, reserved 1048576K
}
Event: 2.920 GC heap before
{Heap before GC invocations=2 (full 0):
 PSYoungGen      total 76288K, used 75128K [0x000000076b300000, 0x0000000770800000, 0x00000007c0000000)
  eden space 65536K, 100% used [0x000000076b300000,0x000000076f300000,0x000000076f300000)
  from space 10752K, 89% used [0x000000076f300000,0x000000076fc5e2e0,0x000000076fd80000)
  to   space 10752K, 0% used [0x000000076fd80000,0x000000076fd80000,0x0000000770800000)
 ParOldGen       total 175104K, used 16K [0x00000006c1800000, 0x00000006cc300000, 0x000000076b300000)
  object space 175104K, 0% used [0x00000006c1800000,0x00000006c1804000,0x00000006cc300000)
 Metaspace       used 15298K, capacity 15530K, committed 15872K, reserved 1062912K
  class space    used 1844K, capacity 1943K, committed 2048K, reserved 1048576K
Event: 2.926 GC heap after
Heap after GC invocations=2 (full 0):
 PSYoungGen      total 76288K, used 9518K [0x000000076b300000, 0x0000000770800000, 0x00000007c0000000)
  eden space 65536K, 0% used [0x000000076b300000,0x000000076b300000,0x000000076f300000)
  from space 10752K, 88% used [0x000000076fd80000,0x00000007706cba78,0x0000000770800000)
  to   space 10752K, 0% used [0x000000076f300000,0x000000076f300000,0x000000076fd80000)
 ParOldGen       total 175104K, used 24K [0x00000006c1800000, 0x00000006cc300000, 0x000000076b300000)
  object space 175104K, 0% used [0x00000006c1800000,0x00000006c1806000,0x00000006cc300000)
 Metaspace       used 15298K, capacity 15530K, committed 15872K, reserved 1062912K
  class space    used 1844K, capacity 1943K, committed 2048K, reserved 1048576K
}
Event: 5.159 GC heap before
{Heap before GC invocations=3 (full 0):
 PSYoungGen      total 76288K, used 75054K [0x000000076b300000, 0x0000000770800000, 0x00000007c0000000)
  eden space 65536K, 100% used [0x000000076b300000,0x000000076f300000,0x000000076f300000)
  from space 10752K, 88% used [0x000000076fd80000,0x00000007706cba78,0x0000000770800000)
  to   space 10752K, 0% used [0x000000076f300000,0x000000076f300000,0x000000076fd80000)
 ParOldGen       total 175104K, used 24K [0x00000006c1800000, 0x00000006cc300000, 0x000000076b300000)
  object space 175104K, 0% used [0x00000006c1800000,0x00000006c1806000,0x00000006cc300000)
 Metaspace       used 16358K, capacity 16704K, committed 17024K, reserved 1064960K
  class space    used 1934K, capacity 2052K, committed 2176K, reserved 1048576K
Event: 5.164 GC heap after
Heap after GC invocations=3 (full 0):
 PSYoungGen      total 76288K, used 10707K [0x000000076b300000, 0x0000000770800000, 0x00000007c0000000)
  eden space 65536K, 0% used [0x000000076b300000,0x000000076b300000,0x000000076f300000)
  from space 10752K, 99% used [0x000000076f300000,0x000000076fd74f80,0x000000076fd80000)
  to   space 10752K, 0% used [0x000000076fd80000,0x000000076fd80000,0x0000000770800000)
 ParOldGen       total 175104K, used 32K [0x00000006c1800000, 0x00000006cc300000, 0x000000076b300000)
  object space 175104K, 0% used [0x00000006c1800000,0x00000006c1808000,0x00000006cc300000)
 Metaspace       used 16358K, capacity 16704K, committed 17024K, reserved 1064960K
  class space    used 1934K, capacity 2052K, committed 2176K, reserved 1048576K
}
Event: 9.084 GC heap before
{Heap before GC invocations=4 (full 0):
 PSYoungGen      total 76288K, used 76243K [0x000000076b300000, 0x0000000770800000, 0x00000007c0000000)
  eden space 65536K, 100% used [0x000000076b300000,0x000000076f300000,0x000000076f300000)
  from space 10752K, 99% used [0x000000076f300000,0x000000076fd74f80,0x000000076fd80000)
  to   space 10752K, 0% used [0x000000076fd80000,0x000000076fd80000,0x0000000770800000)
 ParOldGen       total 175104K, used 32K [0x00000006c1800000, 0x00000006cc300000, 0x000000076b300000)
  object space 175104K, 0% used [0x00000006c1800000,0x00000006c1808000,0x00000006cc300000)
 Metaspace       used 18491K, capacity 18958K, committed 19200K, reserved 1067008K
  class space    used 2096K, capacity 2224K, committed 2304K, reserved 1048576K
Event: 9.095 GC heap after
Heap after GC invocations=4 (full 0):
 PSYoungGen      total 76288K, used 10720K [0x000000076b300000, 0x0000000770800000, 0x00000007c0000000)
  eden space 65536K, 0% used [0x000000076b300000,0x000000076b300000,0x000000076f300000)
  from space 10752K, 99% used [0x000000076fd80000,0x00000007707f8020,0x0000000770800000)
  to   space 10752K, 0% used [0x000000076f300000,0x000000076f300000,0x000000076fd80000)
 ParOldGen       total 175104K, used 3495K [0x00000006c1800000, 0x00000006cc300000, 0x000000076b300000)
  object space 175104K, 1% used [0x00000006c1800000,0x00000006c1b69f90,0x00000006cc300000)
 Metaspace       used 18491K, capacity 18958K, committed 19200K, reserved 1067008K
  class space    used 2096K, capacity 2224K, committed 2304K, reserved 1048576K
}

Deoptimization events (10 events):
Event: 10.534 Thread 0x00000000024be800 Uncommon trap: reason=class_check action=maybe_recompile pc=0x0000000002e7a348 method=java.util.Collections$UnmodifiableMap$UnmodifiableEntrySet$UnmodifiableEntry.getKey()Ljava/lang/Object; @ 4
Event: 10.534 Thread 0x00000000024be800 Uncommon trap: reason=class_check action=maybe_recompile pc=0x0000000002ecc5c8 method=java.util.Collections$UnmodifiableMap$UnmodifiableEntrySet$UnmodifiableEntry.getValue()Ljava/lang/Object; @ 4
Event: 10.534 Thread 0x00000000024be800 Uncommon trap: reason=class_check action=maybe_recompile pc=0x0000000002e772d0 method=java.util.Collections$UnmodifiableMap$UnmodifiableEntrySet$1.hasNext()Z @ 4
Event: 10.534 Thread 0x00000000024be800 Uncommon trap: reason=class_check action=maybe_recompile pc=0x0000000002e81f74 method=java.util.Collections$UnmodifiableMap$UnmodifiableEntrySet$1.next()Ljava/util/Map$Entry; @ 8
Event: 10.534 Thread 0x00000000024be800 Uncommon trap: reason=class_check action=maybe_recompile pc=0x0000000002e7a348 method=java.util.Collections$UnmodifiableMap$UnmodifiableEntrySet$UnmodifiableEntry.getKey()Ljava/lang/Object; @ 4
Event: 10.534 Thread 0x00000000024be800 Uncommon trap: reason=class_check action=maybe_recompile pc=0x0000000002ecc5c8 method=java.util.Collections$UnmodifiableMap$UnmodifiableEntrySet$UnmodifiableEntry.getValue()Ljava/lang/Object; @ 4
Event: 10.534 Thread 0x00000000024be800 Uncommon trap: reason=class_check action=maybe_recompile pc=0x0000000002e772d0 method=java.util.Collections$UnmodifiableMap$UnmodifiableEntrySet$1.hasNext()Z @ 4
Event: 10.534 Thread 0x00000000024be800 Uncommon trap: reason=class_check action=maybe_recompile pc=0x0000000002e81f74 method=java.util.Collections$UnmodifiableMap$UnmodifiableEntrySet$1.next()Ljava/util/Map$Entry; @ 8
Event: 10.534 Thread 0x00000000024be800 Uncommon trap: reason=class_check action=maybe_recompile pc=0x0000000002e7a348 method=java.util.Collections$UnmodifiableMap$UnmodifiableEntrySet$UnmodifiableEntry.getKey()Ljava/lang/Object; @ 4
Event: 10.534 Thread 0x00000000024be800 Uncommon trap: reason=class_check action=maybe_recompile pc=0x0000000002ecc5c8 method=java.util.Collections$UnmodifiableMap$UnmodifiableEntrySet$UnmodifiableEntry.getValue()Ljava/lang/Object; @ 4

Classes redefined (0 events):
No events

Internal exceptions (10 events):
Event: 1.121 Thread 0x00000000024be800 Exception <a 'java/lang/NullPointerException'> (0x000000076c629730) thrown at [C:\re\workspace\8-2-build-windows-amd64-cygwin\jdk8u201\12322\hotspot\src\share\vm\interpreter\linkResolver.cpp, line 1185]
Event: 1.121 Thread 0x00000000024be800 Exception <a 'java/lang/NullPointerException'> (0x000000076c629948) thrown at [C:\re\workspace\8-2-build-windows-amd64-cygwin\jdk8u201\12322\hotspot\src\share\vm\interpreter\linkResolver.cpp, line 1185]
Event: 1.335 Thread 0x00000000024be800 Implicit null exception at 0x0000000002aff415 to 0x0000000002aff619
Event: 1.335 Thread 0x00000000024be800 Implicit null exception at 0x0000000002b7486f to 0x0000000002b748d9
Event: 1.389 Thread 0x00000000024be800 Implicit null exception at 0x0000000002cd21fb to 0x0000000002cd2621
Event: 4.447 Thread 0x00000000024be800 Implicit null exception at 0x0000000002ff708e to 0x0000000002ff74e1
Event: 8.893 Thread 0x00000000201a7800 Implicit null exception at 0x0000000002f1a554 to 0x0000000002f1a62d
Event: 8.925 Thread 0x00000000024be800 Implicit null exception at 0x0000000002e778e1 to 0x0000000002e77959
Event: 8.925 Thread 0x00000000024be800 Implicit null exception at 0x0000000002e5e3f0 to 0x0000000002e5e449
Event: 8.980 Thread 0x00000000024be800 Implicit null exception at 0x0000000002a1b583 to 0x0000000002a1c925

Events (10 events):
Event: 10.538 Thread 0x0000000020aec800 Thread added: 0x0000000020aec800
Event: 10.538 Thread 0x0000000020437800 Thread added: 0x0000000020437800
Event: 10.538 loading class org/apache/maven/surefire/shade/common/org/apache/maven/shared/utils/cli/CommandLineUtils$1
Event: 10.538 loading class org/apache/maven/surefire/shade/common/org/apache/maven/shared/utils/cli/CommandLineUtils$1 done
Event: 10.538 loading class org/apache/maven/surefire/shade/common/org/apache/maven/shared/utils/cli/CommandLineUtils$1
Event: 10.538 loading class org/apache/maven/surefire/shade/common/org/apache/maven/shared/utils/cli/CommandLineUtils$1 done
Event: 10.538 loading class org/apache/maven/surefire/shade/common/org/apache/maven/shared/utils/cli/CommandLineTimeOutException
Event: 10.538 loading class org/apache/maven/surefire/shade/common/org/apache/maven/shared/utils/cli/CommandLineTimeOutException done
Event: 10.538 loading class org/apache/maven/surefire/shade/common/org/apache/maven/shared/utils/cli/CommandLineTimeOutException
Event: 10.538 loading class org/apache/maven/surefire/shade/common/org/apache/maven/shared/utils/cli/CommandLineTimeOutException done


Dynamic libraries:
0x00007ff659c10000 - 0x00007ff659c47000 	C:\Program Files\Java\jdk1.8.0_201\bin\javaw.exe
0x00007fffdee40000 - 0x00007fffdf030000 	C:\WINDOWS\SYSTEM32\ntdll.dll
0x00007fffde8d0000 - 0x00007fffde982000 	C:\WINDOWS\System32\KERNEL32.DLL
0x00007fffdbdd0000 - 0x00007fffdc073000 	C:\WINDOWS\System32\KERNELBASE.dll
0x00007fffde790000 - 0x00007fffde833000 	C:\WINDOWS\System32\ADVAPI32.dll
0x00007fffddc80000 - 0x00007fffddd1e000 	C:\WINDOWS\System32\msvcrt.dll
0x00007fffdcfa0000 - 0x00007fffdd037000 	C:\WINDOWS\System32\sechost.dll
0x00007fffddf80000 - 0x00007fffde0a0000 	C:\WINDOWS\System32\RPCRT4.dll
0x00007fffdd850000 - 0x00007fffdd9e4000 	C:\WINDOWS\System32\USER32.dll
0x00007fffdc100000 - 0x00007fffdc121000 	C:\WINDOWS\System32\win32u.dll
0x00007fffde8a0000 - 0x00007fffde8c6000 	C:\WINDOWS\System32\GDI32.dll
0x00007fffdc490000 - 0x00007fffdc624000 	C:\WINDOWS\System32\gdi32full.dll
0x00007fffdce30000 - 0x00007fffdcece000 	C:\WINDOWS\System32\msvcp_win.dll
0x00007fffdc330000 - 0x00007fffdc42a000 	C:\WINDOWS\System32\ucrtbase.dll
0x00007fffd0000000 - 0x00007fffd0285000 	C:\WINDOWS\WinSxS\amd64_microsoft.windows.common-controls_6595b64144ccf1df_6.0.18362.657_none_e6c5b579130e3898\COMCTL32.dll
0x00007fffdd460000 - 0x00007fffdd796000 	C:\WINDOWS\System32\combase.dll
0x00007fffdcdb0000 - 0x00007fffdce30000 	C:\WINDOWS\System32\bcryptPrimitives.dll
0x00007fffdd7b0000 - 0x00007fffdd7de000 	C:\WINDOWS\System32\IMM32.DLL
0x000000005d7b0000 - 0x000000005d881000 	C:\Program Files\Java\jdk1.8.0_201\jre\bin\msvcr100.dll
0x000000005cf00000 - 0x000000005d7a4000 	C:\Program Files\Java\jdk1.8.0_201\jre\bin\server\jvm.dll
0x00007fffdd840000 - 0x00007fffdd848000 	C:\WINDOWS\System32\PSAPI.DLL
0x00007fffce950000 - 0x00007fffce959000 	C:\WINDOWS\SYSTEM32\WSOCK32.dll
0x00007fffd23e0000 - 0x00007fffd2404000 	C:\WINDOWS\SYSTEM32\WINMM.dll
0x00007fffd3260000 - 0x00007fffd326a000 	C:\WINDOWS\SYSTEM32\VERSION.dll
0x00007fffddd20000 - 0x00007fffddd8f000 	C:\WINDOWS\System32\WS2_32.dll
0x00007fffd21a0000 - 0x00007fffd21cd000 	C:\WINDOWS\SYSTEM32\winmmbase.dll
0x00007fffdc080000 - 0x00007fffdc0ca000 	C:\WINDOWS\System32\cfgmgr32.dll
0x00007fffd7680000 - 0x00007fffd768f000 	C:\Program Files\Java\jdk1.8.0_201\jre\bin\verify.dll
0x00007fffd6ca0000 - 0x00007fffd6cc9000 	C:\Program Files\Java\jdk1.8.0_201\jre\bin\java.dll
0x00007fffd6c10000 - 0x00007fffd6c26000 	C:\Program Files\Java\jdk1.8.0_201\jre\bin\zip.dll
0x00007fffde0a0000 - 0x00007fffde785000 	C:\WINDOWS\System32\SHELL32.dll
0x00007fffdcef0000 - 0x00007fffdcf99000 	C:\WINDOWS\System32\shcore.dll
0x00007fffdc630000 - 0x00007fffdcdaf000 	C:\WINDOWS\System32\windows.storage.dll
0x00007fffdbdb0000 - 0x00007fffdbdcf000 	C:\WINDOWS\System32\profapi.dll
0x00007fffdbd40000 - 0x00007fffdbd8a000 	C:\WINDOWS\System32\powrprof.dll
0x00007fffdbd10000 - 0x00007fffdbd20000 	C:\WINDOWS\System32\UMPDC.dll
0x00007fffdd2a0000 - 0x00007fffdd2f2000 	C:\WINDOWS\System32\shlwapi.dll
0x00007fffdbd90000 - 0x00007fffdbda1000 	C:\WINDOWS\System32\kernel.appcore.dll
0x00007fffdced0000 - 0x00007fffdcee7000 	C:\WINDOWS\System32\cryptsp.dll
0x00007fffdb090000 - 0x00007fffdb0c3000 	C:\WINDOWS\system32\rsaenh.dll
0x00007fffdc0d0000 - 0x00007fffdc0f6000 	C:\WINDOWS\System32\bcrypt.dll
0x00007fffdbc30000 - 0x00007fffdbc55000 	C:\WINDOWS\SYSTEM32\USERENV.dll
0x00007fffdb750000 - 0x00007fffdb75c000 	C:\WINDOWS\SYSTEM32\CRYPTBASE.dll
0x00007fffd6b60000 - 0x00007fffd6b7a000 	C:\Program Files\Java\jdk1.8.0_201\jre\bin\net.dll
0x00007fffcd590000 - 0x00007fffcd766000 	C:\WINDOWS\SYSTEM32\urlmon.dll
0x00007fffccb60000 - 0x00007fffcce06000 	C:\WINDOWS\SYSTEM32\iertutil.dll
0x00007fffdb580000 - 0x00007fffdb5e7000 	C:\WINDOWS\system32\mswsock.dll
0x00007fffdb230000 - 0x00007fffdb26a000 	C:\WINDOWS\SYSTEM32\IPHLPAPI.DLL
0x00007fffddc70000 - 0x00007fffddc78000 	C:\WINDOWS\System32\NSI.dll
0x00007fffd5bf0000 - 0x00007fffd5c06000 	C:\WINDOWS\SYSTEM32\dhcpcsvc6.DLL
0x00007fffd5890000 - 0x00007fffd58ac000 	C:\WINDOWS\SYSTEM32\dhcpcsvc.DLL
0x00007fffdb270000 - 0x00007fffdb33a000 	C:\WINDOWS\SYSTEM32\DNSAPI.dll
0x00007fffd69f0000 - 0x00007fffd6a01000 	C:\Program Files\Java\jdk1.8.0_201\jre\bin\nio.dll
0x00007fffd7640000 - 0x00007fffd764a000 	C:\Users\julia\AppData\Local\Temp\jansi-1.17.1-7902656588445554436.dll
0x00007fffd6c00000 - 0x00007fffd6c0a000 	C:\Users\julia\AppData\Local\Temp\jansi-1.17.1-9099821417045733405.dll
0x00007fffd6460000 - 0x00007fffd646d000 	C:\Program Files\Java\jdk1.8.0_201\jre\bin\management.dll
0x00007fffc7780000 - 0x00007fffc7796000 	C:\WINDOWS\system32\napinsp.dll
0x00007fffc7760000 - 0x00007fffc777a000 	C:\WINDOWS\system32\pnrpnsp.dll
0x00007fffd4010000 - 0x00007fffd401e000 	C:\WINDOWS\System32\winrnr.dll
0x00007fffd6040000 - 0x00007fffd605c000 	C:\WINDOWS\system32\NLAapi.dll
0x00007fffd8340000 - 0x00007fffd8355000 	C:\WINDOWS\system32\wshbth.dll
0x00007fffd3290000 - 0x00007fffd329a000 	C:\Windows\System32\rasadhlp.dll
0x00007fffd43d0000 - 0x00007fffd4447000 	C:\WINDOWS\System32\fwpuclnt.dll

VM Arguments:
jvm_args: -Dmaven.home=EMBEDDED -Dclassworlds.conf=C:\Users\julia\eclipse-workspace\.metadata\.plugins\org.eclipse.m2e.launching\launches\m2conf3660204225752771952.tmp -Dmaven.multiModuleProjectDirectory=C:\Users\julia\eclipse-workspace\com.bdd.myProject -Dfile.encoding=Cp1252 
java_command: org.codehaus.plexus.classworlds.launcher.Launcher -B install
java_class_path (initial): C:\Users\julia\.p2\pool\plugins\org.eclipse.m2e.maven.runtime_1.12.0.20190529-1915\jars\plexus-classworlds-2.6.0.jar
Launcher Type: SUN_STANDARD

Environment Variables:
JAVA_HOME=C:\Program Files\Java\jdk1.8.0_201
PATH=C:/Program Files/Java/jre1.8.0_201/bin/server;C:/Program Files/Java/jre1.8.0_201/bin;C:/Program Files/Java/jre1.8.0_201/lib/amd64;C:\Program Files (x86)\Common Files\Oracle\Java\javapath;C:\Program Files (x86)\Intel\iCLS Client\;C:\Program Files\Intel\iCLS Client\;C:\WINDOWS\system32;C:\WINDOWS;C:\WINDOWS\System32\Wbem;C:\WINDOWS\System32\WindowsPowerShell\v1.0\;C:\Program Files (x86)\Intel\Intel(R) Management Engine Components\DAL;C:\Program Files\Intel\Intel(R) Management Engine Components\DAL;C:\Program Files (x86)\Intel\Intel(R) Management Engine Components\IPT;C:\Program Files\Intel\Intel(R) Management Engine Components\IPT;C:\WINDOWS\System32\OpenSSH\;C:\Users\julia\AppData\Local\Microsoft\WindowsApps;C:\Program Files\Java\jdk1.8.0_201\bin;C:\apache-maven-3.6.3\bin;C:\Users\julia\AppData\Local\Programs\Git\cmd;;C:\Users\julia\OneDrive\Desktop;
USERNAME=julia
OS=Windows_NT
PROCESSOR_IDENTIFIER=Intel64 Family 6 Model 142 Stepping 10, GenuineIntel



---------------  S Y S T E M  ---------------

OS: Windows 10.0 , 64 bit Build 18362 (10.0.18362.329)

CPU:total 8 (initial active 8) (4 cores per cpu, 2 threads per core) family 6 model 142 stepping 10, cmov, cx8, fxsr, mmx, sse, sse2, sse3, ssse3, sse4.1, sse4.2, popcnt, avx, avx2, aes, clmul, erms, 3dnowpref, lzcnt, ht, tsc, tscinvbit, bmi1, bmi2, adx

Memory: 4k page, physical 16672600k(1284600k free), swap 32111528k(4196k free)

vm_info: Java HotSpot(TM) 64-Bit Server VM (25.201-b09) for windows-amd64 JRE (1.8.0_201-b09), built on Dec 15 2018 18:36:39 by "java_re" with MS VC++ 10.0 (VS2010)

time: Tue Feb 25 15:12:31 2020
timezone: Eastern Standard Time
elapsed time: 10 seconds (0d 0h 0m 10s)

